Traceback (most recent call last):
  File "/home/minds3t/miniconda3/envs/evocoder_env/bin/yt-mixer", line 7, in <module>
    sys.exit(main())
             ^^^^^^
  File "/mnt/p7/minds3t/stealth/yt_mixer/src/yt_mixer/cli.py", line 412, in main
    return args.func(args) or 0
           ^^^^^^^^^^^^^^^
  File "/mnt/p7/minds3t/stealth/yt_mixer/src/yt_mixer/cli.py", line 341, in cmd_serve
    manager.cleaner_thread.start()
  File "/home/minds3t/miniconda3/envs/evocoder_env/lib/python3.11/threading.py", line 959, in start
    raise RuntimeError("threads can only be started once")
RuntimeError: threads can only be started once
=== YT Mixer Daemon Starting ===
PID: 800225
Host: 0.0.0.0:5053
Data: /mnt/p7/minds3t/stealth/yt_mixer/data
 * Serving Flask app 'yt_mixer.routes'
 * Debug mode: off
2025-12-30 22:07:49,465 - werkzeug - INFO - [31m[1mWARNING: This is a development server. Do not use it in a production deployment. Use a production WSGI server instead.[0m
 * Running on all addresses (0.0.0.0)
 * Running on http://127.0.0.1:5053
 * Running on http://10.0.0.14:5053
2025-12-30 22:07:49,465 - werkzeug - INFO - [33mPress CTRL+C to quit[0m
2025-12-30 23:07:49,457 - yt_mixer.session_manager - INFO - Running session cleanup...
Received shutdown signal, stopping...
=== YT Mixer Daemon Starting ===
PID: 883962
Host: 0.0.0.0:5000
Data: /mnt/p7/minds3t/stealth/yt_mixer/data
2025-12-30 23:29:06,831 - yt_mixer.session_manager - INFO - Started maintenance thread
 * Serving Flask app 'yt_mixer.routes'
 * Debug mode: off
2025-12-30 23:29:06,835 - werkzeug - INFO - [31m[1mWARNING: This is a development server. Do not use it in a production deployment. Use a production WSGI server instead.[0m
 * Running on all addresses (0.0.0.0)
 * Running on http://127.0.0.1:5000
 * Running on http://10.0.0.14:5000
2025-12-30 23:29:06,836 - werkzeug - INFO - [33mPress CTRL+C to quit[0m
2025-12-31 00:29:06,831 - yt_mixer.session_manager - INFO - Running session cleanup...
Received shutdown signal, stopping...
2025-12-31 01:06:17,549 - yt_mixer.session_manager - INFO - Shutting down SessionManager...
2025-12-31 01:06:22,549 - yt_mixer.session_manager - INFO - Stopped maintenance thread
